# JRE version: Java(TM) SE Runtime Environment (17.0.8+9) (build 17.0.8+9-LTS-211)
# Java VM: Java HotSpot(TM) 64-Bit Server VM (17.0.8+9-LTS-211, mixed mode, sharing, tiered, compressed oops, compressed class ptrs, g1 gc, windows-amd64)
GC Precious Log:
 CPUs: 4 total, 4 available
 Memory: 12203M
 Large Page Support: Disabled
 NUMA Support: Disabled
 Compressed Oops: Enabled (Zero based)
 Heap Region Size: 2M
 Heap Min Capacity: 8M
 Heap Initial Capacity: 192M
 Heap Max Capacity: 3052M
 Pre-touch: Disabled
 Parallel Workers: 4
 Concurrent Workers: 1
 Concurrent Refinement Workers: 4
 Periodic GC: Disabled
Heap:
 garbage-first heap   total 196608K, used 42196K [0x0000000741400000, 0x0000000800000000)
  region size 2048K, 20 young (40960K), 1 survivors (2048K)
 Metaspace       used 14942K, committed 15168K, reserved 1114112K
  class space    used 1792K, committed 1920K, reserved 1048576K
GC Heap History (6 events):
Event: 30.272 GC heap before
{Heap before GC invocations=0 (full 0):
 garbage-first heap   total 196608K, used 12288K [0x0000000741400000, 0x0000000800000000)
  region size 2048K, 6 young (12288K), 0 survivors (0K)
 Metaspace       used 3462K, committed 3584K, reserved 1114112K
  class space    used 358K, committed 448K, reserved 1048576K
}
Event: 38.197 GC heap after
{Heap after GC invocations=1 (full 0):
 garbage-first heap   total 196608K, used 3299K [0x0000000741400000, 0x0000000800000000)
  region size 2048K, 1 young (2048K), 1 survivors (2048K)
 Metaspace       used 3462K, committed 3584K, reserved 1114112K
  class space    used 358K, committed 448K, reserved 1048576K
}
Event: 67.518 GC heap before
{Heap before GC invocations=1 (full 0):
 garbage-first heap   total 196608K, used 11491K [0x0000000741400000, 0x0000000800000000)
  region size 2048K, 5 young (10240K), 1 survivors (2048K)
 Metaspace       used 5688K, committed 5888K, reserved 1114112K
  class space    used 669K, committed 768K, reserved 1048576K
}
Event: 67.522 GC heap after
{Heap after GC invocations=2 (full 0):
 garbage-first heap   total 196608K, used 3980K [0x0000000741400000, 0x0000000800000000)
  region size 2048K, 1 young (2048K), 1 survivors (2048K)
 Metaspace       used 5688K, committed 5888K, reserved 1114112K
  class space    used 669K, committed 768K, reserved 1048576K
}
Event: 169.149 GC heap before
{Heap before GC invocations=2 (full 0):
 garbage-first heap   total 196608K, used 36748K [0x0000000741400000, 0x0000000800000000)
  region size 2048K, 17 young (34816K), 1 survivors (2048K)
 Metaspace       used 9679K, committed 9920K, reserved 1114112K
  class space    used 1172K, committed 1280K, reserved 1048576K
}
Event: 169.156 GC heap after
{Heap after GC invocations=3 (full 0):
 garbage-first heap   total 196608K, used 5332K [0x0000000741400000, 0x0000000800000000)
  region size 2048K, 1 young (2048K), 1 survivors (2048K)
 Metaspace       used 9679K, committed 9920K, reserved 1114112K
  class space    used 1172K, committed 1280K, reserved 1048576K
}

