# JRE version: Java(TM) SE Runtime Environment (17.0.8+9) (build 17.0.8+9-LTS-211)
# Java VM: Java HotSpot(TM) 64-Bit Server VM (17.0.8+9-LTS-211, mixed mode, sharing, tiered, compressed oops, compressed class ptrs, g1 gc, windows-amd64)
GC Precious Log:
 CPUs: 4 total, 4 available
 Memory: 12203M
 Large Page Support: Disabled
 NUMA Support: Disabled
 Compressed Oops: Enabled (Zero based)
 Heap Region Size: 2M
 Heap Min Capacity: 8M
 Heap Initial Capacity: 192M
 Heap Max Capacity: 3052M
 Pre-touch: Disabled
 Parallel Workers: 4
 Concurrent Workers: 1
 Concurrent Refinement Workers: 4
 Periodic GC: Disabled
Heap:
 garbage-first heap   total 196608K, used 55714K [0x0000000741400000, 0x0000000800000000)
  region size 2048K, 27 young (55296K), 6 survivors (12288K)
 Metaspace       used 17700K, committed 17920K, reserved 1114112K
  class space    used 2004K, committed 2112K, reserved 1048576K
GC Heap History (8 events):
Event: 7.648 GC heap before
{Heap before GC invocations=0 (full 0):
 garbage-first heap   total 196608K, used 12288K [0x0000000741400000, 0x0000000800000000)
  region size 2048K, 6 young (12288K), 0 survivors (0K)
 Metaspace       used 3455K, committed 3584K, reserved 1114112K
  class space    used 355K, committed 448K, reserved 1048576K
}
Event: 11.833 GC heap after
{Heap after GC invocations=1 (full 0):
 garbage-first heap   total 196608K, used 3274K [0x0000000741400000, 0x0000000800000000)
  region size 2048K, 1 young (2048K), 1 survivors (2048K)
 Metaspace       used 3455K, committed 3584K, reserved 1114112K
  class space    used 355K, committed 448K, reserved 1048576K
}
Event: 215.880 GC heap before
{Heap before GC invocations=1 (full 0):
 garbage-first heap   total 196608K, used 11466K [0x0000000741400000, 0x0000000800000000)
  region size 2048K, 5 young (10240K), 1 survivors (2048K)
 Metaspace       used 5688K, committed 5888K, reserved 1114112K
  class space    used 667K, committed 768K, reserved 1048576K
}
Event: 215.888 GC heap after
{Heap after GC invocations=2 (full 0):
 garbage-first heap   total 196608K, used 3869K [0x0000000741400000, 0x0000000800000000)
  region size 2048K, 1 young (2048K), 1 survivors (2048K)
 Metaspace       used 5688K, committed 5888K, reserved 1114112K
  class space    used 667K, committed 768K, reserved 1048576K
}
Event: 219.362 GC heap before
{Heap before GC invocations=2 (full 0):
 garbage-first heap   total 196608K, used 34589K [0x0000000741400000, 0x0000000800000000)
  region size 2048K, 16 young (32768K), 1 survivors (2048K)
 Metaspace       used 9361K, committed 9536K, reserved 1114112K
  class space    used 1128K, committed 1216K, reserved 1048576K
}
Event: 219.366 GC heap after
{Heap after GC invocations=3 (full 0):
 garbage-first heap   total 196608K, used 5095K [0x0000000741400000, 0x0000000800000000)
  region size 2048K, 1 young (2048K), 1 survivors (2048K)
 Metaspace       used 9361K, committed 9536K, reserved 1114112K
  class space    used 1128K, committed 1216K, reserved 1048576K
}
Event: 227.580 GC heap before
{Heap before GC invocations=3 (full 0):
 garbage-first heap   total 196608K, used 119783K [0x0000000741400000, 0x0000000800000000)
  region size 2048K, 57 young (116736K), 1 survivors (2048K)
 Metaspace       used 16372K, committed 16640K, reserved 1114112K
  class space    used 1868K, committed 1984K, reserved 1048576K
}
Event: 227.602 GC heap after
{Heap after GC invocations=4 (full 0):
 garbage-first heap   total 196608K, used 14754K [0x0000000741400000, 0x0000000800000000)
  region size 2048K, 6 young (12288K), 6 survivors (12288K)
 Metaspace       used 16372K, committed 16640K, reserved 1114112K
  class space    used 1868K, committed 1984K, reserved 1048576K
}

